\BOOKMARK [1][]{section.1}{\376\377\0001\000\040\225\356\230\230\221\315\217\360}{}% 1
\BOOKMARK [1][]{section.2}{\376\377\0002\000\040\225\356\230\230\122\006\147\220}{}% 2
\BOOKMARK [2][]{subsection.2.1}{\376\377\0002\000.\0001\000\040\225\356\230\230\116\000}{section.2}% 3
\BOOKMARK [2][]{subsection.2.2}{\376\377\0002\000.\0002\000\040\225\356\230\230\116\214}{section.2}% 4
\BOOKMARK [2][]{subsection.2.3}{\376\377\0002\000.\0003\000\040\225\356\230\230\116\011}{section.2}% 5
\BOOKMARK [1][]{section.3}{\376\377\0003\000\040\152\041\127\213\120\107\213\276}{}% 6
\BOOKMARK [1][]{section.4}{\376\377\0004\000\040\173\046\123\367\213\364\146\016}{}% 7
\BOOKMARK [1][]{section.5}{\376\377\0005\000\040\152\041\127\213\136\372\172\313}{}% 8
\BOOKMARK [2][]{subsection.5.1}{\376\377\0005\000.\0001\000\040\225\356\230\230\116\000}{section.5}% 9
\BOOKMARK [3][]{subsubsection.5.1.1}{\376\377\0005\000.\0001\000.\0001\000\040\171\273\145\143\000\040\000R\000a\000d\000o\000n\000\040\123\330\143\142\152\041\127\213}{subsection.5.1}% 10
\BOOKMARK [2][]{subsection.5.2}{\376\377\0005\000.\0002\000\040\225\356\230\230\116\214\124\214\225\356\230\230\116\011}{section.5}% 11
\BOOKMARK [3][]{subsubsection.5.2.1}{\376\377\0005\000.\0002\000.\0001\000\040\120\205\221\314\123\366\116\055\137\303\122\007\162\107\133\232\164\006}{subsection.5.2}% 12
\BOOKMARK [3][]{subsubsection.5.2.2}{\376\377\0005\000.\0002\000.\0002\000\040\156\344\154\342\123\315\142\225\137\161\173\227\154\325\377\010\000F\000B\000P\377\011}{subsection.5.2}% 13
\BOOKMARK [2][]{subsection.5.3}{\376\377\0005\000.\0003\000\040\225\356\230\230\126\333}{section.5}% 14
\BOOKMARK [3][]{subsubsection.5.3.1}{\376\377\0005\000.\0003\000.\0001\000\040\152\041\127\213\136\372\172\313}{subsection.5.3}% 15
\BOOKMARK [1][]{section.6}{\376\377\0006\000\040\152\041\127\213\154\102\211\343}{}% 16
\BOOKMARK [2][]{subsection.6.1}{\376\377\0006\000.\0001\000\040\225\356\230\230\116\000}{section.6}% 17
\BOOKMARK [3][]{subsubsection.6.1.1}{\376\377\0006\000.\0001\000.\0001\000\040\143\242\155\113\126\150\225\364\215\335\154\102\211\343}{subsection.6.1}% 18
\BOOKMARK [3][]{subsubsection.6.1.2}{\376\377\0006\000.\0001\000.\0002\000\040\145\313\217\154\116\055\137\303\154\102\211\343}{subsection.6.1}% 19
\BOOKMARK [3][]{subsubsection.6.1.3}{\376\377\0006\000.\0001\000.\0003\000\040\142\225\137\161\211\322\136\246\226\306\154\102\211\343}{subsection.6.1}% 20
\BOOKMARK [2][]{subsection.6.2}{\376\377\0006\000.\0002\000\040\225\356\230\230\116\214\124\214\225\356\230\230\116\011}{section.6}% 21
\BOOKMARK [3][]{subsubsection.6.2.1}{\376\377\0006\000.\0002\000.\0001\000\040\142\225\137\161\145\160\143\156\127\120\150\007\150\007\133\232}{subsection.6.2}% 22
\BOOKMARK [3][]{subsubsection.6.2.2}{\376\377\0006\000.\0002\000.\0002\000\040\142\225\137\161\156\344\154\342}{subsection.6.2}% 23
\BOOKMARK [3][]{subsubsection.6.2.3}{\376\377\0006\000.\0002\000.\0003\000\040\123\315\142\225\137\161}{subsection.6.2}% 24
\BOOKMARK [3][]{subsubsection.6.2.4}{\376\377\0006\000.\0002\000.\0004\000\040\126\376\120\317\124\016\131\004\164\006\116\016\117\341\140\157\143\320\123\326}{subsection.6.2}% 25
\BOOKMARK [2][]{subsection.6.3}{\376\377\0006\000.\0003\000\040\225\356\230\230\126\333}{section.6}% 26
\BOOKMARK [3][]{subsubsection.6.3.1}{\376\377\0006\000.\0003\000.\0001\000\040\160\165\145\117\136\246\150\300\232\214}{subsection.6.3}% 27
\BOOKMARK [3][]{subsubsection.6.3.2}{\376\377\0006\000.\0003\000.\0002\000\040\213\276\213\241\145\271\150\110}{subsection.6.3}% 28
\BOOKMARK [1][]{section.7}{\376\377\0007\000\040\152\041\127\213\213\304\116\367\060\001\145\071\217\333\116\016\143\250\136\177}{}% 29
\BOOKMARK [2][]{subsection.7.1}{\376\377\0007\000.\0001\000\040\152\041\127\213\117\030\160\271}{section.7}% 30
\BOOKMARK [2][]{subsection.7.2}{\376\377\0007\000.\0002\000\040\152\041\127\213\177\072\160\271}{section.7}% 31
\BOOKMARK [2][]{subsection.7.3}{\376\377\0007\000.\0003\000\040\152\041\127\213\145\071\217\333}{section.7}% 32
\BOOKMARK [2][]{subsection.7.4}{\376\377\0007\000.\0004\000\040\152\041\127\213\143\250\136\177}{section.7}% 33
